<?xml version="1.0" encoding="UTF-8"?>
<!-- Generated by org.testng.reporters.JUnitXMLReporter -->
<testsuite hostname="MacBook-Pro-Zamira.local" ignored="6" name="Test" tests="3" failures="0" timestamp="2020-01-24T09:30:12 EST" time="0.048" errors="0">
  <testcase name="validateReportModule" time="0.01" classname="com.syntax.testcases.ReportModule"/>
  <testcase name="validatePimModule" time="0.001" classname="com.syntax.testcases.PimModule"/>
  <testcase name="validateLeaveModule" time="0.001" classname="com.syntax.testcases.LeaveModule"/>
  <testcase name="returnDate" time="0.0" classname="com.syntax.testcases.LeaveModule">
    <ignored/>
  </testcase> <!-- returnDate -->
  <testcase name="openReport" time="0.0" classname="com.syntax.testcases.ReportModule">
    <ignored/>
  </testcase> <!-- openReport -->
  <testcase name="closeReport" time="0.0" classname="com.syntax.testcases.ReportModule">
    <ignored/>
  </testcase> <!-- closeReport -->
  <testcase name="validateRemoveEmployee" time="0.0" classname="com.syntax.testcases.PimModule">
    <ignored/>
  </testcase> <!-- validateRemoveEmployee -->
  <testcase name="leaveDate" time="0.0" classname="com.syntax.testcases.LeaveModule">
    <ignored/>
  </testcase> <!-- leaveDate -->
  <testcase name="validateAddEmployee" time="0.0" classname="com.syntax.testcases.PimModule">
    <ignored/>
  </testcase> <!-- validateAddEmployee -->
</testsuite> <!-- Test -->
