<?xml version="1.0" encoding="UTF-8"?>
<!-- Generated by org.testng.reporters.JUnitXMLReporter -->
<testsuite hostname="MacBook-Pro-Zamira.local" ignored="1" name="Test" tests="8" failures="0" timestamp="2020-01-23T19:03:32 EST" time="0.063" errors="0">
  <testcase name="closeReport" time="0.01" classname="com.syntax.testcases.ReportModule"/>
  <testcase name="validateReportModule" time="0.001" classname="com.syntax.testcases.ReportModule"/>
  <testcase name="validateAddEmployee" time="0.002" classname="com.syntax.testcases.PimModule"/>
  <testcase name="validatePimModule" time="0.002" classname="com.syntax.testcases.PimModule"/>
  <testcase name="validateRemoveEmployee" time="0.001" classname="com.syntax.testcases.PimModule"/>
  <testcase name="leaveDate" time="0.001" classname="com.syntax.testcases.LeaveModule"/>
  <testcase name="returnDate" time="0.0" classname="com.syntax.testcases.LeaveModule"/>
  <testcase name="validateLeaveModule" time="0.001" classname="com.syntax.testcases.LeaveModule"/>
  <testcase name="openReport" time="0.0" classname="com.syntax.testcases.ReportModule">
    <ignored/>
  </testcase> <!-- openReport -->
</testsuite> <!-- Test -->
